c:\users\ghost\desktop\новая папка\calculator_khibovskyi\calculator_khibovskyi\debug\calculator_khibovskyi.form1.resources
c:\users\ghost\desktop\новая папка\calculator_khibovskyi\calculator_khibovskyi\debug\calculator_khibovskyi.pch
c:\users\ghost\desktop\новая папка\calculator_khibovskyi\calculator_khibovskyi\debug\vc142.pdb
c:\users\ghost\desktop\новая папка\calculator_khibovskyi\calculator_khibovskyi\debug\pch.obj
c:\users\ghost\desktop\новая папка\calculator_khibovskyi\calculator_khibovskyi\debug\form1.obj
c:\users\ghost\desktop\новая папка\calculator_khibovskyi\calculator_khibovskyi\debug\cppclr_winformsprojekt.obj
c:\users\ghost\desktop\новая папка\calculator_khibovskyi\calculator_khibovskyi\debug\assemblyinfo.obj
c:\users\ghost\desktop\новая папка\calculator_khibovskyi\calculator_khibovskyi\debug\.netframework,version=v4.7.2.assemblyattributes.obj
c:\users\ghost\desktop\новая папка\calculator_khibovskyi\debug\calculator_khibovskyi.exe
c:\users\ghost\desktop\новая папка\calculator_khibovskyi\debug\calculator_khibovskyi.pdb
c:\users\ghost\desktop\новая папка\calculator_khibovskyi\calculator_khibovskyi\debug\app.res
c:\users\ghost\desktop\новая папка\calculator_khibovskyi\calculator_khibovskyi\debug\calculat.2ce9ffa4.tlog\calculator_khibovskyi.write.1u.tlog
c:\users\ghost\desktop\новая папка\calculator_khibovskyi\calculator_khibovskyi\debug\calculat.2ce9ffa4.tlog\cl.command.1.tlog
c:\users\ghost\desktop\новая папка\calculator_khibovskyi\calculator_khibovskyi\debug\calculat.2ce9ffa4.tlog\cl.read.1.tlog
c:\users\ghost\desktop\новая папка\calculator_khibovskyi\calculator_khibovskyi\debug\calculat.2ce9ffa4.tlog\cl.write.1.tlog
c:\users\ghost\desktop\новая папка\calculator_khibovskyi\calculator_khibovskyi\debug\calculat.2ce9ffa4.tlog\link.command.1.tlog
c:\users\ghost\desktop\новая папка\calculator_khibovskyi\calculator_khibovskyi\debug\calculat.2ce9ffa4.tlog\link.read.1.tlog
c:\users\ghost\desktop\новая папка\calculator_khibovskyi\calculator_khibovskyi\debug\calculat.2ce9ffa4.tlog\link.write.1.tlog
c:\users\ghost\desktop\новая папка\calculator_khibovskyi\calculator_khibovskyi\debug\calculat.2ce9ffa4.tlog\metagen.read.1.tlog
c:\users\ghost\desktop\новая папка\calculator_khibovskyi\calculator_khibovskyi\debug\calculat.2ce9ffa4.tlog\metagen.write.1.tlog
c:\users\ghost\desktop\новая папка\calculator_khibovskyi\calculator_khibovskyi\debug\calculat.2ce9ffa4.tlog\rc.command.1.tlog
c:\users\ghost\desktop\новая папка\calculator_khibovskyi\calculator_khibovskyi\debug\calculat.2ce9ffa4.tlog\rc.read.1.tlog
c:\users\ghost\desktop\новая папка\calculator_khibovskyi\calculator_khibovskyi\debug\calculat.2ce9ffa4.tlog\rc.write.1.tlog
